# JRE version: Java(TM) SE Runtime Environment (13.0+33) (build 13+33)
# Java VM: Java HotSpot(TM) 64-Bit Server VM (13+33, mixed mode, sharing, tiered, compressed oops, g1 gc, bsd-amd64)
Heap:
 garbage-first heap   total 137216K, used 88259K [0x0000000740000000, 0x0000000800000000)
  region size 1024K, 36 young (36864K), 3 survivors (3072K)
 Metaspace       used 30554K, capacity 31436K, committed 31616K, reserved 1077248K
  class space    used 3324K, capacity 3656K, committed 3712K, reserved 1048576K
GC Heap History (20 events):
Event: 49.717 GC heap after
{Heap after GC invocations=12 (full 0):
 garbage-first heap   total 94208K, used 42545K [0x0000000740000000, 0x0000000800000000)
  region size 1024K, 3 young (3072K), 3 survivors (3072K)
 Metaspace       used 25994K, capacity 26805K, committed 27008K, reserved 1073152K
  class space    used 2909K, capacity 3169K, committed 3200K, reserved 1048576K
}
Event: 52.838 GC heap before
{Heap before GC invocations=12 (full 0):
 garbage-first heap   total 94208K, used 72241K [0x0000000740000000, 0x0000000800000000)
  region size 1024K, 32 young (32768K), 3 survivors (3072K)
 Metaspace       used 26482K, capacity 27298K, committed 27520K, reserved 1073152K
  class space    used 2934K, capacity 3177K, committed 3200K, reserved 1048576K
}
Event: 52.890 GC heap after
{Heap after GC invocations=13 (full 0):
 garbage-first heap   total 94208K, used 43229K [0x0000000740000000, 0x0000000800000000)
  region size 1024K, 1 young (1024K), 1 survivors (1024K)
 Metaspace       used 26482K, capacity 27298K, committed 27520K, reserved 1073152K
  class space    used 2934K, capacity 3177K, committed 3200K, reserved 1048576K
}
Event: 56.351 GC heap before
{Heap before GC invocations=13 (full 0):
 garbage-first heap   total 94208K, used 56541K [0x0000000740000000, 0x0000000800000000)
  region size 1024K, 15 young (15360K), 1 survivors (1024K)
 Metaspace       used 28039K, capacity 28952K, committed 29056K, reserved 1075200K
  class space    used 3104K, capacity 3410K, committed 3456K, reserved 1048576K
}
Event: 56.402 GC heap after
{Heap after GC invocations=14 (full 0):
 garbage-first heap   total 113664K, used 44384K [0x0000000740000000, 0x0000000800000000)
  region size 1024K, 2 young (2048K), 2 survivors (2048K)
 Metaspace       used 28039K, capacity 28952K, committed 29056K, reserved 1075200K
  class space    used 3104K, capacity 3410K, committed 3456K, reserved 1048576K
}
Event: 57.222 GC heap before
{Heap before GC invocations=14 (full 0):
 garbage-first heap   total 113664K, used 81248K [0x0000000740000000, 0x0000000800000000)
  region size 1024K, 36 young (36864K), 2 survivors (2048K)
 Metaspace       used 28108K, capacity 29028K, committed 29312K, reserved 1075200K
  class space    used 3113K, capacity 3414K, committed 3456K, reserved 1048576K
}
Event: 57.284 GC heap after
{Heap after GC invocations=15 (full 0):
 garbage-first heap   total 113664K, used 45904K [0x0000000740000000, 0x0000000800000000)
  region size 1024K, 3 young (3072K), 3 survivors (3072K)
 Metaspace       used 28108K, capacity 29028K, committed 29312K, reserved 1075200K
  class space    used 3113K, capacity 3414K, committed 3456K, reserved 1048576K
}
Event: 58.329 GC heap before
{Heap before GC invocations=16 (full 0):
 garbage-first heap   total 113664K, used 82768K [0x0000000740000000, 0x0000000800000000)
  region size 1024K, 38 young (38912K), 3 survivors (3072K)
 Metaspace       used 28173K, capacity 29047K, committed 29312K, reserved 1075200K
  class space    used 3113K, capacity 3416K, committed 3456K, reserved 1048576K
}
Event: 58.407 GC heap after
{Heap after GC invocations=17 (full 0):
 garbage-first heap   total 113664K, used 52173K [0x0000000740000000, 0x0000000800000000)
  region size 1024K, 5 young (5120K), 5 survivors (5120K)
 Metaspace       used 28173K, capacity 29047K, committed 29312K, reserved 1075200K
  class space    used 3113K, capacity 3416K, committed 3456K, reserved 1048576K
}
Event: 59.445 GC heap before
{Heap before GC invocations=17 (full 0):
 garbage-first heap   total 113664K, used 82893K [0x0000000740000000, 0x0000000800000000)
  region size 1024K, 36 young (36864K), 5 survivors (5120K)
 Metaspace       used 28173K, capacity 29047K, committed 29312K, reserved 1075200K
  class space    used 3113K, capacity 3416K, committed 3456K, reserved 1048576K
}
Event: 59.486 GC heap after
{Heap after GC invocations=18 (full 0):
 garbage-first heap   total 113664K, used 53924K [0x0000000740000000, 0x0000000800000000)
  region size 1024K, 2 young (2048K), 2 survivors (2048K)
 Metaspace       used 28173K, capacity 29047K, committed 29312K, reserved 1075200K
  class space    used 3113K, capacity 3416K, committed 3456K, reserved 1048576K
}
Event: 61.162 GC heap before
{Heap before GC invocations=18 (full 0):
 garbage-first heap   total 113664K, used 85668K [0x0000000740000000, 0x0000000800000000)
  region size 1024K, 33 young (33792K), 2 survivors (2048K)
 Metaspace       used 28217K, capacity 29111K, committed 29312K, reserved 1075200K
  class space    used 3113K, capacity 3416K, committed 3456K, reserved 1048576K
}
Event: 61.223 GC heap after
{Heap after GC invocations=19 (full 0):
 garbage-first heap   total 137216K, used 62318K [0x0000000740000000, 0x0000000800000000)
  region size 1024K, 5 young (5120K), 5 survivors (5120K)
 Metaspace       used 28217K, capacity 29111K, committed 29312K, reserved 1075200K
  class space    used 3113K, capacity 3416K, committed 3456K, reserved 1048576K
}
Event: 63.860 GC heap before
{Heap before GC invocations=20 (full 0):
 garbage-first heap   total 137216K, used 96110K [0x0000000740000000, 0x0000000800000000)
  region size 1024K, 40 young (40960K), 5 survivors (5120K)
 Metaspace       used 27956K, capacity 28851K, committed 29568K, reserved 1075200K
  class space    used 3092K, capacity 3415K, committed 3456K, reserved 1048576K
}
Event: 63.898 GC heap after
{Heap after GC invocations=21 (full 0):
 garbage-first heap   total 137216K, used 64243K [0x0000000740000000, 0x0000000800000000)
  region size 1024K, 3 young (3072K), 3 survivors (3072K)
 Metaspace       used 27956K, capacity 28851K, committed 29568K, reserved 1075200K
  class space    used 3092K, capacity 3415K, committed 3456K, reserved 1048576K
}
Event: 64.062 GC heap before
{Heap before GC invocations=21 (full 0):
 garbage-first heap   total 137216K, used 66291K [0x0000000740000000, 0x0000000800000000)
  region size 1024K, 6 young (6144K), 3 survivors (3072K)
 Metaspace       used 28046K, capacity 28915K, committed 29568K, reserved 1075200K
  class space    used 3105K, capacity 3415K, committed 3456K, reserved 1048576K
}
Event: 64.138 GC heap after
{Heap after GC invocations=22 (full 0):
 garbage-first heap   total 137216K, used 54133K [0x0000000740000000, 0x0000000800000000)
  region size 1024K, 1 young (1024K), 1 survivors (1024K)
 Metaspace       used 28046K, capacity 28915K, committed 29568K, reserved 1075200K
  class space    used 3105K, capacity 3415K, committed 3456K, reserved 1048576K
}
Event: 66.907 GC heap before
{Heap before GC invocations=22 (full 0):
 garbage-first heap   total 137216K, used 94069K [0x0000000740000000, 0x0000000800000000)
  region size 1024K, 40 young (40960K), 1 survivors (1024K)
 Metaspace       used 29293K, capacity 30164K, committed 30464K, reserved 1077248K
  class space    used 3199K, capacity 3487K, committed 3584K, reserved 1048576K
}
Event: 66.939 GC heap after
{Heap after GC invocations=23 (full 0):
 garbage-first heap   total 137216K, used 54977K [0x0000000740000000, 0x0000000800000000)
  region size 1024K, 3 young (3072K), 3 survivors (3072K)
 Metaspace       used 29293K, capacity 30164K, committed 30464K, reserved 1077248K
  class space    used 3199K, capacity 3487K, committed 3584K, reserved 1048576K
}
Event: 113.368 GC heap before
{Heap before GC invocations=23 (full 0):
 garbage-first heap   total 137216K, used 86721K [0x0000000740000000, 0x0000000800000000)
  region size 1024K, 36 young (36864K), 3 survivors (3072K)
 Metaspace       used 30554K, capacity 31436K, committed 31616K, reserved 1077248K
  class space    used 3324K, capacity 3656K, committed 3712K, reserved 1048576K
}

